<?xml version="1.0" encoding="UTF-8" ?>
<testsuite tests="9" failures="0" name="test.Test" time="0.008" errors="0" skipped="0">
  <properties>
[...]
</properties>
  <testcase classname="test.Test" name="testThirdInterval" time="0.006"/>
  <testcase classname="test.Test" name="testSixthInterval" time="0"/>
  <testcase classname="test.Test" name="testSecondInterval" time="0.001"/>
  <testcase classname="test.Test" name="testOverRange" time="0"/>
  <testcase classname="test.Test" name="testFirstInterval" time="0"/>
  <testcase classname="test.Test" name="testFourthInterval" time="0"/>
  <testcase classname="test.Test" name="testFifthInterval" time="0"/>
  <testcase classname="test.Test" name="testHundredValue" time="0.001"/>
  <testcase classname="test.Test" name="testBelowRange" time="0"/>
</testsuite>